<?xml version="1.0" encoding="UTF-8"?>
<!-- Generated by org.testng.reporters.JUnitXMLReporter -->
<testsuite ignored="0" hostname="XPS13" failures="0" tests="4" name="Default test" time="72.939" errors="0" timestamp="2020-08-10T16:22:57 EDT">
  <testcase classname="TestCases.Loginpage_test" name="logolinktest" time="5.547"/>
  <testcase classname="TestCases.Loginpage_test" name="fillformTestInvalidEmailLogin" time="7.163"/>
  <testcase classname="TestCases.Loginpage_test" name="fillformTestEmptypwdLogin" time="6.313"/>
  <testcase classname="TestCases.Loginpage_test" name="fillformTestErrorMsgLogin" time="6.095"/>
</testsuite> <!-- Default test -->
